{"C:\\Users\\Pooja\\OneDrive\\Desktop\\NamasteReact\\src\\components\\Cart.js": {"path":"C:\\Users\\Pooja\\OneDrive\\Desktop\\NamasteReact\\src\\components\\Cart.js","statementMap":{"0":{"start":{"line":5,"column":13},"end":{"line":36,"column":1}},"1":{"start":{"line":6,"column":20},"end":{"line":6,"column":60}},"2":{"start":{"line":6,"column":43},"end":{"line":6,"column":59}},"3":{"start":{"line":7,"column":19},"end":{"line":7,"column":32}},"4":{"start":{"line":8,"column":2},"end":{"line":8,"column":25}},"5":{"start":{"line":10,"column":26},"end":{"line":12,"column":3}},"6":{"start":{"line":11,"column":4},"end":{"line":11,"column":26}},"7":{"start":{"line":14,"column":2},"end":{"line":35,"column":4}}},"fnMap":{"0":{"name":"(anonymous_0)","decl":{"start":{"line":5,"column":13},"end":{"line":5,"column":14}},"loc":{"start":{"line":5,"column":19},"end":{"line":36,"column":1}},"line":5},"1":{"name":"(anonymous_1)","decl":{"start":{"line":6,"column":32},"end":{"line":6,"column":33}},"loc":{"start":{"line":6,"column":43},"end":{"line":6,"column":59}},"line":6},"2":{"name":"(anonymous_2)","decl":{"start":{"line":10,"column":26},"end":{"line":10,"column":27}},"loc":{"start":{"line":10,"column":32},"end":{"line":12,"column":3}},"line":10}},"branchMap":{"0":{"loc":{"start":{"line":18,"column":9},"end":{"line":25,"column":9}},"type":"binary-expr","locations":[{"start":{"line":18,"column":9},"end":{"line":18,"column":30}},{"start":{"line":19,"column":10},"end":{"line":24,"column":19}}],"line":18},"1":{"loc":{"start":{"line":26,"column":9},"end":{"line":32,"column":9}},"type":"cond-expr","locations":[{"start":{"line":27,"column":10},"end":{"line":29,"column":15}},{"start":{"line":31,"column":10},"end":{"line":31,"column":44}}],"line":26}},"s":{"0":1,"1":1,"2":2,"3":1,"4":1,"5":1,"6":0,"7":1},"f":{"0":1,"1":2,"2":0},"b":{"0":[1,0],"1":[1,0]},"_coverageSchema":"1a1c01bbd47fc00a2c39e90264f33305004495a9","hash":"0abf79af63dcde5a04645ec822b615603fb051c8"}
,"C:\\Users\\Pooja\\OneDrive\\Desktop\\NamasteReact\\src\\components\\Contact.js": {"path":"C:\\Users\\Pooja\\OneDrive\\Desktop\\NamasteReact\\src\\components\\Contact.js","statementMap":{"0":{"start":{"line":1,"column":16},"end":{"line":22,"column":1}},"1":{"start":{"line":2,"column":2},"end":{"line":21,"column":4}}},"fnMap":{"0":{"name":"(anonymous_0)","decl":{"start":{"line":1,"column":16},"end":{"line":1,"column":17}},"loc":{"start":{"line":1,"column":22},"end":{"line":22,"column":1}},"line":1}},"branchMap":{},"s":{"0":1,"1":4},"f":{"0":4},"b":{},"_coverageSchema":"1a1c01bbd47fc00a2c39e90264f33305004495a9","hash":"fd549d82f59fa3170a833b21ce6830b17ebb9b3a"}
,"C:\\Users\\Pooja\\OneDrive\\Desktop\\NamasteReact\\src\\components\\Header.js": {"path":"C:\\Users\\Pooja\\OneDrive\\Desktop\\NamasteReact\\src\\components\\Header.js","statementMap":{"0":{"start":{"line":7,"column":15},"end":{"line":69,"column":1}},"1":{"start":{"line":8,"column":32},"end":{"line":8,"column":49}},"2":{"start":{"line":9,"column":23},"end":{"line":9,"column":40}},"3":{"start":{"line":11,"column":20},"end":{"line":11,"column":60}},"4":{"start":{"line":11,"column":43},"end":{"line":11,"column":59}},"5":{"start":{"line":14,"column":22},"end":{"line":17,"column":3}},"6":{"start":{"line":15,"column":4},"end":{"line":15,"column":66}},"7":{"start":{"line":15,"column":26},"end":{"line":15,"column":63}},"8":{"start":{"line":19,"column":2},"end":{"line":68,"column":4}}},"fnMap":{"0":{"name":"(anonymous_0)","decl":{"start":{"line":7,"column":15},"end":{"line":7,"column":16}},"loc":{"start":{"line":7,"column":21},"end":{"line":69,"column":1}},"line":7},"1":{"name":"(anonymous_1)","decl":{"start":{"line":11,"column":32},"end":{"line":11,"column":33}},"loc":{"start":{"line":11,"column":43},"end":{"line":11,"column":59}},"line":11},"2":{"name":"(anonymous_2)","decl":{"start":{"line":14,"column":22},"end":{"line":14,"column":23}},"loc":{"start":{"line":14,"column":28},"end":{"line":17,"column":3}},"line":14},"3":{"name":"(anonymous_3)","decl":{"start":{"line":15,"column":15},"end":{"line":15,"column":16}},"loc":{"start":{"line":15,"column":26},"end":{"line":15,"column":63}},"line":15}},"branchMap":{"0":{"loc":{"start":{"line":15,"column":26},"end":{"line":15,"column":63}},"type":"cond-expr","locations":[{"start":{"line":15,"column":45},"end":{"line":15,"column":53}},{"start":{"line":15,"column":56},"end":{"line":15,"column":63}}],"line":15},"1":{"loc":{"start":{"line":26,"column":30},"end":{"line":26,"column":56}},"type":"cond-expr","locations":[{"start":{"line":26,"column":45},"end":{"line":26,"column":49}},{"start":{"line":26,"column":52},"end":{"line":26,"column":56}}],"line":26}},"s":{"0":2,"1":5,"2":5,"3":5,"4":9,"5":5,"6":1,"7":1,"8":5},"f":{"0":5,"1":9,"2":1,"3":1},"b":{"0":[1,0],"1":[5,0]},"_coverageSchema":"1a1c01bbd47fc00a2c39e90264f33305004495a9","hash":"950cbdd7e614b4dec083bf5dfb5bb84cd74c87b4"}
,"C:\\Users\\Pooja\\OneDrive\\Desktop\\NamasteReact\\src\\components\\Home.js": {"path":"C:\\Users\\Pooja\\OneDrive\\Desktop\\NamasteReact\\src\\components\\Home.js","statementMap":{"0":{"start":{"line":8,"column":13},"end":{"line":87,"column":1}},"1":{"start":{"line":9,"column":38},"end":{"line":9,"column":50}},"2":{"start":{"line":11,"column":4},"end":{"line":11,"column":23}},"3":{"start":{"line":15,"column":28},"end":{"line":21,"column":3}},"4":{"start":{"line":16,"column":23},"end":{"line":18,"column":5}},"5":{"start":{"line":17,"column":22},"end":{"line":17,"column":53}},"6":{"start":{"line":19,"column":4},"end":{"line":19,"column":41}},"7":{"start":{"line":20,"column":4},"end":{"line":20,"column":30}},"8":{"start":{"line":23,"column":23},"end":{"line":34,"column":3}},"9":{"start":{"line":24,"column":4},"end":{"line":24,"column":28}},"10":{"start":{"line":26,"column":6},"end":{"line":29,"column":7}},"11":{"start":{"line":28,"column":8},"end":{"line":28,"column":79}},"12":{"start":{"line":30,"column":4},"end":{"line":30,"column":48}},"13":{"start":{"line":31,"column":4},"end":{"line":31,"column":22}},"14":{"start":{"line":36,"column":23},"end":{"line":36,"column":40}},"15":{"start":{"line":37,"column":2},"end":{"line":42,"column":6}},"16":{"start":{"line":38,"column":4},"end":{"line":42,"column":6}},"17":{"start":{"line":44,"column":2},"end":{"line":86,"column":4}},"18":{"start":{"line":56,"column":14},"end":{"line":56,"column":44}},"19":{"start":{"line":76,"column":12},"end":{"line":82,"column":19}}},"fnMap":{"0":{"name":"(anonymous_0)","decl":{"start":{"line":8,"column":13},"end":{"line":8,"column":14}},"loc":{"start":{"line":8,"column":19},"end":{"line":87,"column":1}},"line":8},"1":{"name":"(anonymous_1)","decl":{"start":{"line":15,"column":28},"end":{"line":15,"column":29}},"loc":{"start":{"line":15,"column":34},"end":{"line":21,"column":3}},"line":15},"2":{"name":"(anonymous_2)","decl":{"start":{"line":17,"column":6},"end":{"line":17,"column":7}},"loc":{"start":{"line":17,"column":22},"end":{"line":17,"column":53}},"line":17},"3":{"name":"(anonymous_3)","decl":{"start":{"line":23,"column":23},"end":{"line":23,"column":24}},"loc":{"start":{"line":23,"column":29},"end":{"line":34,"column":3}},"line":23},"4":{"name":"(anonymous_4)","decl":{"start":{"line":27,"column":31},"end":{"line":27,"column":32}},"loc":{"start":{"line":28,"column":8},"end":{"line":28,"column":79}},"line":28},"5":{"name":"(anonymous_5)","decl":{"start":{"line":55,"column":22},"end":{"line":55,"column":23}},"loc":{"start":{"line":55,"column":29},"end":{"line":57,"column":13}},"line":55},"6":{"name":"(anonymous_6)","decl":{"start":{"line":75,"column":34},"end":{"line":75,"column":35}},"loc":{"start":{"line":76,"column":12},"end":{"line":82,"column":19}},"line":76}},"branchMap":{"0":{"loc":{"start":{"line":26,"column":6},"end":{"line":29,"column":7}},"type":"binary-expr","locations":[{"start":{"line":26,"column":6},"end":{"line":26,"column":23}},{"start":{"line":27,"column":6},"end":{"line":29,"column":7}}],"line":26},"1":{"loc":{"start":{"line":37,"column":2},"end":{"line":42,"column":6}},"type":"if","locations":[{"start":{"line":37,"column":2},"end":{"line":42,"column":6}},{"start":{},"end":{}}],"line":37},"2":{"loc":{"start":{"line":44,"column":9},"end":{"line":86,"column":3}},"type":"cond-expr","locations":[{"start":{"line":45,"column":4},"end":{"line":45,"column":15}},{"start":{"line":47,"column":4},"end":{"line":85,"column":10}}],"line":44},"3":{"loc":{"start":{"line":74,"column":9},"end":{"line":83,"column":12}},"type":"binary-expr","locations":[{"start":{"line":74,"column":9},"end":{"line":74,"column":28}},{"start":{"line":75,"column":10},"end":{"line":83,"column":12}}],"line":74}},"s":{"0":1,"1":2,"2":2,"3":2,"4":0,"5":0,"6":0,"7":0,"8":2,"9":0,"10":0,"11":0,"12":0,"13":0,"14":2,"15":2,"16":0,"17":2,"18":0,"19":0},"f":{"0":2,"1":0,"2":0,"3":0,"4":0,"5":0,"6":0},"b":{"0":[0,0],"1":[0,2],"2":[0,2],"3":[2,1]},"_coverageSchema":"1a1c01bbd47fc00a2c39e90264f33305004495a9","hash":"ad728e65b17917c511ba6c6e908c87751c8115d6"}
,"C:\\Users\\Pooja\\OneDrive\\Desktop\\NamasteReact\\src\\components\\RestaurantCard.js": {"path":"C:\\Users\\Pooja\\OneDrive\\Desktop\\NamasteReact\\src\\components\\RestaurantCard.js","statementMap":{"0":{"start":{"line":3,"column":23},"end":{"line":28,"column":1}},"1":{"start":{"line":4,"column":22},"end":{"line":4,"column":27}},"2":{"start":{"line":8,"column":4},"end":{"line":8,"column":11}},"3":{"start":{"line":10,"column":2},"end":{"line":27,"column":4}}},"fnMap":{"0":{"name":"(anonymous_0)","decl":{"start":{"line":3,"column":23},"end":{"line":3,"column":24}},"loc":{"start":{"line":3,"column":34},"end":{"line":28,"column":1}},"line":3}},"branchMap":{},"s":{"0":2,"1":1,"2":1,"3":1},"f":{"0":1},"b":{},"_coverageSchema":"1a1c01bbd47fc00a2c39e90264f33305004495a9","hash":"114c0f85681e5d5ef39372d326f240167b1ccdce"}
,"C:\\Users\\Pooja\\OneDrive\\Desktop\\NamasteReact\\src\\components\\RestaurantMenu.js": {"path":"C:\\Users\\Pooja\\OneDrive\\Desktop\\NamasteReact\\src\\components\\RestaurantMenu.js","statementMap":{"0":{"start":{"line":7,"column":23},"end":{"line":46,"column":1}},"1":{"start":{"line":8,"column":20},"end":{"line":8,"column":31}},"2":{"start":{"line":10,"column":18},"end":{"line":10,"column":42}},"3":{"start":{"line":12,"column":36},"end":{"line":12,"column":50}},"4":{"start":{"line":14,"column":2},"end":{"line":14,"column":43}},"5":{"start":{"line":14,"column":24},"end":{"line":14,"column":43}},"6":{"start":{"line":16,"column":15},"end":{"line":16,"column":56}},"7":{"start":{"line":17,"column":2},"end":{"line":17,"column":20}},"8":{"start":{"line":20,"column":4},"end":{"line":24,"column":5}},"9":{"start":{"line":22,"column":8},"end":{"line":23,"column":70}},"10":{"start":{"line":28,"column":2},"end":{"line":45,"column":4}},"11":{"start":{"line":37,"column":10},"end":{"line":42,"column":12}},"12":{"start":{"line":41,"column":31},"end":{"line":41,"column":50}}},"fnMap":{"0":{"name":"(anonymous_0)","decl":{"start":{"line":7,"column":23},"end":{"line":7,"column":24}},"loc":{"start":{"line":7,"column":29},"end":{"line":46,"column":1}},"line":7},"1":{"name":"(anonymous_1)","decl":{"start":{"line":21,"column":6},"end":{"line":21,"column":7}},"loc":{"start":{"line":22,"column":8},"end":{"line":23,"column":70}},"line":22},"2":{"name":"(anonymous_2)","decl":{"start":{"line":36,"column":23},"end":{"line":36,"column":24}},"loc":{"start":{"line":37,"column":10},"end":{"line":42,"column":12}},"line":37},"3":{"name":"(anonymous_3)","decl":{"start":{"line":41,"column":25},"end":{"line":41,"column":26}},"loc":{"start":{"line":41,"column":31},"end":{"line":41,"column":50}},"line":41}},"branchMap":{"0":{"loc":{"start":{"line":14,"column":2},"end":{"line":14,"column":43}},"type":"if","locations":[{"start":{"line":14,"column":2},"end":{"line":14,"column":43}},{"start":{},"end":{}}],"line":14},"1":{"loc":{"start":{"line":35,"column":7},"end":{"line":43,"column":10}},"type":"binary-expr","locations":[{"start":{"line":35,"column":7},"end":{"line":35,"column":17}},{"start":{"line":36,"column":8},"end":{"line":43,"column":10}}],"line":35},"2":{"loc":{"start":{"line":40,"column":23},"end":{"line":40,"column":57}},"type":"cond-expr","locations":[{"start":{"line":40,"column":45},"end":{"line":40,"column":49}},{"start":{"line":40,"column":52},"end":{"line":40,"column":57}}],"line":40}},"s":{"0":1,"1":2,"2":2,"3":2,"4":2,"5":1,"6":1,"7":1,"8":1,"9":0,"10":1,"11":0,"12":0},"f":{"0":2,"1":0,"2":0,"3":0},"b":{"0":[1,1],"1":[1,0],"2":[0,0]},"_coverageSchema":"1a1c01bbd47fc00a2c39e90264f33305004495a9","hash":"57debadb2108c39644ef277096380508efd7f608"}
,"C:\\Users\\Pooja\\OneDrive\\Desktop\\NamasteReact\\src\\utils\\store.js": {"path":"C:\\Users\\Pooja\\OneDrive\\Desktop\\NamasteReact\\src\\utils\\store.js","statementMap":{"0":{"start":{"line":4,"column":14},"end":{"line":8,"column":2}}},"fnMap":{},"branchMap":{},"s":{"0":2},"f":{},"b":{},"_coverageSchema":"1a1c01bbd47fc00a2c39e90264f33305004495a9","hash":"a5ec11290f38877f403f5bdcd4038b937ff9a471"}
}
