TN:
SF:src\components\Cart.js
FN:5,(anonymous_0)
FN:6,(anonymous_1)
FN:10,(anonymous_2)
FNF:3
FNH:2
FNDA:1,(anonymous_0)
FNDA:2,(anonymous_1)
FNDA:0,(anonymous_2)
DA:5,1
DA:6,2
DA:7,1
DA:8,1
DA:10,1
DA:11,0
DA:14,1
LF:7
LH:6
BRDA:18,0,0,1
BRDA:18,0,1,0
BRDA:26,1,0,1
BRDA:26,1,1,0
BRF:4
BRH:2
end_of_record
TN:
SF:src\components\Contact.js
FN:1,(anonymous_0)
FNF:1
FNH:1
FNDA:4,(anonymous_0)
DA:1,1
DA:2,4
LF:2
LH:2
BRF:0
BRH:0
end_of_record
TN:
SF:src\components\Header.js
FN:7,(anonymous_0)
FN:11,(anonymous_1)
FN:14,(anonymous_2)
FN:15,(anonymous_3)
FNF:4
FNH:4
FNDA:5,(anonymous_0)
FNDA:9,(anonymous_1)
FNDA:1,(anonymous_2)
FNDA:1,(anonymous_3)
DA:7,2
DA:8,5
DA:9,5
DA:11,9
DA:14,5
DA:15,1
DA:19,5
LF:7
LH:7
BRDA:15,0,0,1
BRDA:15,0,1,0
BRDA:26,1,0,5
BRDA:26,1,1,0
BRF:4
BRH:2
end_of_record
TN:
SF:src\components\Home.js
FN:8,(anonymous_0)
FN:15,(anonymous_1)
FN:17,(anonymous_2)
FN:23,(anonymous_3)
FN:27,(anonymous_4)
FN:55,(anonymous_5)
FN:75,(anonymous_6)
FNF:7
FNH:1
FNDA:2,(anonymous_0)
FNDA:0,(anonymous_1)
FNDA:0,(anonymous_2)
FNDA:0,(anonymous_3)
FNDA:0,(anonymous_4)
FNDA:0,(anonymous_5)
FNDA:0,(anonymous_6)
DA:8,1
DA:9,2
DA:11,2
DA:15,2
DA:16,0
DA:17,0
DA:19,0
DA:20,0
DA:23,2
DA:24,0
DA:26,0
DA:28,0
DA:30,0
DA:31,0
DA:36,2
DA:37,2
DA:38,0
DA:44,2
DA:56,0
DA:76,0
LF:20
LH:8
BRDA:26,0,0,0
BRDA:26,0,1,0
BRDA:37,1,0,0
BRDA:37,1,1,2
BRDA:44,2,0,0
BRDA:44,2,1,2
BRDA:74,3,0,2
BRDA:74,3,1,1
BRF:8
BRH:4
end_of_record
TN:
SF:src\components\RestaurantCard.js
FN:3,(anonymous_0)
FNF:1
FNH:1
FNDA:1,(anonymous_0)
DA:3,2
DA:4,1
DA:8,1
DA:10,1
LF:4
LH:4
BRF:0
BRH:0
end_of_record
TN:
SF:src\components\RestaurantMenu.js
FN:7,(anonymous_0)
FN:21,(anonymous_1)
FN:36,(anonymous_2)
FN:41,(anonymous_3)
FNF:4
FNH:1
FNDA:2,(anonymous_0)
FNDA:0,(anonymous_1)
FNDA:0,(anonymous_2)
FNDA:0,(anonymous_3)
DA:7,1
DA:8,2
DA:10,2
DA:12,2
DA:14,2
DA:16,1
DA:17,1
DA:20,1
DA:22,0
DA:28,1
DA:37,0
DA:41,0
LF:12
LH:9
BRDA:14,0,0,1
BRDA:14,0,1,1
BRDA:35,1,0,1
BRDA:35,1,1,0
BRDA:40,2,0,0
BRDA:40,2,1,0
BRF:6
BRH:3
end_of_record
TN:
SF:src\utils\store.js
FNF:0
FNH:0
DA:4,2
LF:1
LH:1
BRF:0
BRH:0
end_of_record
